<?xml version="1.0" encoding="UTF-8"?>
<testsuite xmlns:xsi="http://www.w3.org/2001/XMLSchema-instance" xsi:noNamespaceSchemaLocation="https://maven.apache.org/surefire/maven-surefire-plugin/xsd/surefire-test-report-3.0.xsd" version="3.0" name="com.example.ZATSTest" time="0.699" tests="2" errors="0" skipped="0" failures="0">
  <properties>
    <property name="java.specification.version" value="17"/>
    <property name="sun.cpu.isalist" value="amd64"/>
    <property name="sun.jnu.encoding" value="UTF-8"/>
    <property name="java.class.path" value="C:\Users\nekta\Documents\zats\target\test-classes;C:\Users\nekta\Documents\zats\target\classes;C:\Users\nekta\.m2\repository\org\zkoss\zk\zk\9.6.0.2\zk-9.6.0.2.jar;C:\Users\nekta\.m2\repository\org\zkoss\zk\zkwebfragment\9.6.0.2\zkwebfragment-9.6.0.2.jar;C:\Users\nekta\.m2\repository\commons-fileupload\commons-fileupload\1.4\commons-fileupload-1.4.jar;C:\Users\nekta\.m2\repository\org\zkoss\zk\zul\9.6.0.2\zul-9.6.0.2.jar;C:\Users\nekta\.m2\repository\org\zkoss\zk\zkplus\9.6.0.2\zkplus-9.6.0.2.jar;C:\Users\nekta\.m2\repository\org\zkoss\zk\zhtml\9.6.0.2\zhtml-9.6.0.2.jar;C:\Users\nekta\.m2\repository\commons-io\commons-io\2.8.0\commons-io-2.8.0.jar;C:\Users\nekta\.m2\repository\org\zkoss\zsoup\1.8.2.5\zsoup-1.8.2.5.jar;C:\Users\nekta\.m2\repository\org\zkoss\common\zcommon\9.6.0.2\zcommon-9.6.0.2.jar;C:\Users\nekta\.m2\repository\org\zkoss\common\zel\9.6.0.2\zel-9.6.0.2.jar;C:\Users\nekta\.m2\repository\org\javassist\javassist\3.28.0-GA\javassist-3.28.0-GA.jar;C:\Users\nekta\.m2\repository\org\apache-extras\beanshell\bsh\2.0b6\bsh-2.0b6.jar;C:\Users\nekta\.m2\repository\org\slf4j\slf4j-api\1.7.30\slf4j-api-1.7.30.jar;C:\Users\nekta\.m2\repository\org\zkoss\common\zweb\9.6.0.2\zweb-9.6.0.2.jar;C:\Users\nekta\.m2\repository\org\zkoss\zats\zats-mimic\2.0.0\zats-mimic-2.0.0.jar;C:\Users\nekta\.m2\repository\org\eclipse\jetty\jetty-webapp\9.4.7.v20170914\jetty-webapp-9.4.7.v20170914.jar;C:\Users\nekta\.m2\repository\org\eclipse\jetty\jetty-xml\9.4.7.v20170914\jetty-xml-9.4.7.v20170914.jar;C:\Users\nekta\.m2\repository\org\eclipse\jetty\jetty-util\9.4.7.v20170914\jetty-util-9.4.7.v20170914.jar;C:\Users\nekta\.m2\repository\org\eclipse\jetty\jetty-servlet\9.4.7.v20170914\jetty-servlet-9.4.7.v20170914.jar;C:\Users\nekta\.m2\repository\org\eclipse\jetty\jetty-security\9.4.7.v20170914\jetty-security-9.4.7.v20170914.jar;C:\Users\nekta\.m2\repository\org\eclipse\jetty\jetty-server\9.4.7.v20170914\jetty-server-9.4.7.v20170914.jar;C:\Users\nekta\.m2\repository\org\eclipse\jetty\websocket\javax-websocket-server-impl\9.4.7.v20170914\javax-websocket-server-impl-9.4.7.v20170914.jar;C:\Users\nekta\.m2\repository\org\eclipse\jetty\jetty-annotations\9.4.7.v20170914\jetty-annotations-9.4.7.v20170914.jar;C:\Users\nekta\.m2\repository\org\eclipse\jetty\jetty-plus\9.4.7.v20170914\jetty-plus-9.4.7.v20170914.jar;C:\Users\nekta\.m2\repository\org\eclipse\jetty\jetty-jndi\9.4.7.v20170914\jetty-jndi-9.4.7.v20170914.jar;C:\Users\nekta\.m2\repository\javax\annotation\javax.annotation-api\1.2\javax.annotation-api-1.2.jar;C:\Users\nekta\.m2\repository\org\ow2\asm\asm\5.1\asm-5.1.jar;C:\Users\nekta\.m2\repository\org\ow2\asm\asm-commons\5.1\asm-commons-5.1.jar;C:\Users\nekta\.m2\repository\org\ow2\asm\asm-tree\5.1\asm-tree-5.1.jar;C:\Users\nekta\.m2\repository\org\eclipse\jetty\websocket\javax-websocket-client-impl\9.4.7.v20170914\javax-websocket-client-impl-9.4.7.v20170914.jar;C:\Users\nekta\.m2\repository\org\eclipse\jetty\websocket\websocket-client\9.4.7.v20170914\websocket-client-9.4.7.v20170914.jar;C:\Users\nekta\.m2\repository\org\eclipse\jetty\jetty-client\9.4.7.v20170914\jetty-client-9.4.7.v20170914.jar;C:\Users\nekta\.m2\repository\org\eclipse\jetty\jetty-io\9.4.7.v20170914\jetty-io-9.4.7.v20170914.jar;C:\Users\nekta\.m2\repository\javax\websocket\javax.websocket-client-api\1.0\javax.websocket-client-api-1.0.jar;C:\Users\nekta\.m2\repository\org\eclipse\jetty\websocket\websocket-server\9.4.7.v20170914\websocket-server-9.4.7.v20170914.jar;C:\Users\nekta\.m2\repository\org\eclipse\jetty\websocket\websocket-common\9.4.7.v20170914\websocket-common-9.4.7.v20170914.jar;C:\Users\nekta\.m2\repository\org\eclipse\jetty\websocket\websocket-api\9.4.7.v20170914\websocket-api-9.4.7.v20170914.jar;C:\Users\nekta\.m2\repository\org\eclipse\jetty\websocket\websocket-servlet\9.4.7.v20170914\websocket-servlet-9.4.7.v20170914.jar;C:\Users\nekta\.m2\repository\javax\servlet\javax.servlet-api\3.1.0\javax.servlet-api-3.1.0.jar;C:\Users\nekta\.m2\repository\org\eclipse\jetty\jetty-http\9.4.7.v20170914\jetty-http-9.4.7.v20170914.jar;C:\Users\nekta\.m2\repository\javax\websocket\javax.websocket-api\1.0\javax.websocket-api-1.0.jar;C:\Users\nekta\.m2\repository\org\zkoss\zats\zats-common\2.0.0\zats-common-2.0.0.jar;C:\Users\nekta\.m2\repository\org\mozilla\rhino\1.7.7\rhino-1.7.7.jar;C:\Users\nekta\.m2\repository\junit\junit\4.13.2\junit-4.13.2.jar;C:\Users\nekta\.m2\repository\org\hamcrest\hamcrest-core\1.3\hamcrest-core-1.3.jar;C:\Users\nekta\.m2\repository\org\slf4j\slf4j-simple\1.7.36\slf4j-simple-1.7.36.jar;"/>
    <property name="java.vm.vendor" value="Oracle Corporation"/>
    <property name="sun.arch.data.model" value="64"/>
    <property name="user.variant" value=""/>
    <property name="java.vendor.url" value="https://java.oracle.com/"/>
    <property name="user.timezone" value="Europe/Athens"/>
    <property name="user.country.format" value="GR"/>
    <property name="os.name" value="Windows 11"/>
    <property name="java.vm.specification.version" value="17"/>
    <property name="user.country" value="US"/>
    <property name="sun.java.launcher" value="SUN_STANDARD"/>
    <property name="sun.boot.library.path" value="C:\Program Files\Java\jdk-17\bin"/>
    <property name="sun.java.command" value="C:\Users\nekta\AppData\Local\Temp\surefire15103095375066618155\surefirebooter-20250804225923343_3.jar C:\Users\nekta\AppData\Local\Temp\surefire15103095375066618155 2025-08-04T22-59-23_224-jvmRun1 surefire-20250804225923343_1tmp surefire_0-20250804225923343_2tmp"/>
    <property name="jdk.debug" value="release"/>
    <property name="surefire.test.class.path" value="C:\Users\nekta\Documents\zats\target\test-classes;C:\Users\nekta\Documents\zats\target\classes;C:\Users\nekta\.m2\repository\org\zkoss\zk\zk\9.6.0.2\zk-9.6.0.2.jar;C:\Users\nekta\.m2\repository\org\zkoss\zk\zkwebfragment\9.6.0.2\zkwebfragment-9.6.0.2.jar;C:\Users\nekta\.m2\repository\commons-fileupload\commons-fileupload\1.4\commons-fileupload-1.4.jar;C:\Users\nekta\.m2\repository\org\zkoss\zk\zul\9.6.0.2\zul-9.6.0.2.jar;C:\Users\nekta\.m2\repository\org\zkoss\zk\zkplus\9.6.0.2\zkplus-9.6.0.2.jar;C:\Users\nekta\.m2\repository\org\zkoss\zk\zhtml\9.6.0.2\zhtml-9.6.0.2.jar;C:\Users\nekta\.m2\repository\commons-io\commons-io\2.8.0\commons-io-2.8.0.jar;C:\Users\nekta\.m2\repository\org\zkoss\zsoup\1.8.2.5\zsoup-1.8.2.5.jar;C:\Users\nekta\.m2\repository\org\zkoss\common\zcommon\9.6.0.2\zcommon-9.6.0.2.jar;C:\Users\nekta\.m2\repository\org\zkoss\common\zel\9.6.0.2\zel-9.6.0.2.jar;C:\Users\nekta\.m2\repository\org\javassist\javassist\3.28.0-GA\javassist-3.28.0-GA.jar;C:\Users\nekta\.m2\repository\org\apache-extras\beanshell\bsh\2.0b6\bsh-2.0b6.jar;C:\Users\nekta\.m2\repository\org\slf4j\slf4j-api\1.7.30\slf4j-api-1.7.30.jar;C:\Users\nekta\.m2\repository\org\zkoss\common\zweb\9.6.0.2\zweb-9.6.0.2.jar;C:\Users\nekta\.m2\repository\org\zkoss\zats\zats-mimic\2.0.0\zats-mimic-2.0.0.jar;C:\Users\nekta\.m2\repository\org\eclipse\jetty\jetty-webapp\9.4.7.v20170914\jetty-webapp-9.4.7.v20170914.jar;C:\Users\nekta\.m2\repository\org\eclipse\jetty\jetty-xml\9.4.7.v20170914\jetty-xml-9.4.7.v20170914.jar;C:\Users\nekta\.m2\repository\org\eclipse\jetty\jetty-util\9.4.7.v20170914\jetty-util-9.4.7.v20170914.jar;C:\Users\nekta\.m2\repository\org\eclipse\jetty\jetty-servlet\9.4.7.v20170914\jetty-servlet-9.4.7.v20170914.jar;C:\Users\nekta\.m2\repository\org\eclipse\jetty\jetty-security\9.4.7.v20170914\jetty-security-9.4.7.v20170914.jar;C:\Users\nekta\.m2\repository\org\eclipse\jetty\jetty-server\9.4.7.v20170914\jetty-server-9.4.7.v20170914.jar;C:\Users\nekta\.m2\repository\org\eclipse\jetty\websocket\javax-websocket-server-impl\9.4.7.v20170914\javax-websocket-server-impl-9.4.7.v20170914.jar;C:\Users\nekta\.m2\repository\org\eclipse\jetty\jetty-annotations\9.4.7.v20170914\jetty-annotations-9.4.7.v20170914.jar;C:\Users\nekta\.m2\repository\org\eclipse\jetty\jetty-plus\9.4.7.v20170914\jetty-plus-9.4.7.v20170914.jar;C:\Users\nekta\.m2\repository\org\eclipse\jetty\jetty-jndi\9.4.7.v20170914\jetty-jndi-9.4.7.v20170914.jar;C:\Users\nekta\.m2\repository\javax\annotation\javax.annotation-api\1.2\javax.annotation-api-1.2.jar;C:\Users\nekta\.m2\repository\org\ow2\asm\asm\5.1\asm-5.1.jar;C:\Users\nekta\.m2\repository\org\ow2\asm\asm-commons\5.1\asm-commons-5.1.jar;C:\Users\nekta\.m2\repository\org\ow2\asm\asm-tree\5.1\asm-tree-5.1.jar;C:\Users\nekta\.m2\repository\org\eclipse\jetty\websocket\javax-websocket-client-impl\9.4.7.v20170914\javax-websocket-client-impl-9.4.7.v20170914.jar;C:\Users\nekta\.m2\repository\org\eclipse\jetty\websocket\websocket-client\9.4.7.v20170914\websocket-client-9.4.7.v20170914.jar;C:\Users\nekta\.m2\repository\org\eclipse\jetty\jetty-client\9.4.7.v20170914\jetty-client-9.4.7.v20170914.jar;C:\Users\nekta\.m2\repository\org\eclipse\jetty\jetty-io\9.4.7.v20170914\jetty-io-9.4.7.v20170914.jar;C:\Users\nekta\.m2\repository\javax\websocket\javax.websocket-client-api\1.0\javax.websocket-client-api-1.0.jar;C:\Users\nekta\.m2\repository\org\eclipse\jetty\websocket\websocket-server\9.4.7.v20170914\websocket-server-9.4.7.v20170914.jar;C:\Users\nekta\.m2\repository\org\eclipse\jetty\websocket\websocket-common\9.4.7.v20170914\websocket-common-9.4.7.v20170914.jar;C:\Users\nekta\.m2\repository\org\eclipse\jetty\websocket\websocket-api\9.4.7.v20170914\websocket-api-9.4.7.v20170914.jar;C:\Users\nekta\.m2\repository\org\eclipse\jetty\websocket\websocket-servlet\9.4.7.v20170914\websocket-servlet-9.4.7.v20170914.jar;C:\Users\nekta\.m2\repository\javax\servlet\javax.servlet-api\3.1.0\javax.servlet-api-3.1.0.jar;C:\Users\nekta\.m2\repository\org\eclipse\jetty\jetty-http\9.4.7.v20170914\jetty-http-9.4.7.v20170914.jar;C:\Users\nekta\.m2\repository\javax\websocket\javax.websocket-api\1.0\javax.websocket-api-1.0.jar;C:\Users\nekta\.m2\repository\org\zkoss\zats\zats-common\2.0.0\zats-common-2.0.0.jar;C:\Users\nekta\.m2\repository\org\mozilla\rhino\1.7.7\rhino-1.7.7.jar;C:\Users\nekta\.m2\repository\junit\junit\4.13.2\junit-4.13.2.jar;C:\Users\nekta\.m2\repository\org\hamcrest\hamcrest-core\1.3\hamcrest-core-1.3.jar;C:\Users\nekta\.m2\repository\org\slf4j\slf4j-simple\1.7.36\slf4j-simple-1.7.36.jar;"/>
    <property name="sun.cpu.endian" value="little"/>
    <property name="user.home" value="C:\Users\nekta"/>
    <property name="user.language" value="en"/>
    <property name="java.specification.vendor" value="Oracle Corporation"/>
    <property name="java.version.date" value="2025-04-15"/>
    <property name="java.home" value="C:\Program Files\Java\jdk-17"/>
    <property name="file.separator" value="\"/>
    <property name="basedir" value="C:\Users\nekta\Documents\zats"/>
    <property name="java.vm.compressedOopsMode" value="Zero based"/>
    <property name="line.separator" value="&#10;"/>
    <property name="java.vm.specification.vendor" value="Oracle Corporation"/>
    <property name="java.specification.name" value="Java Platform API Specification"/>
    <property name="surefire.real.class.path" value="C:\Users\nekta\AppData\Local\Temp\surefire15103095375066618155\surefirebooter-20250804225923343_3.jar"/>
    <property name="user.script" value=""/>
    <property name="sun.management.compiler" value="HotSpot 64-Bit Tiered Compilers"/>
    <property name="java.runtime.version" value="17.0.15+9-LTS-241"/>
    <property name="user.name" value="nekta"/>
    <property name="path.separator" value=";"/>
    <property name="os.version" value="10.0"/>
    <property name="java.runtime.name" value="Java(TM) SE Runtime Environment"/>
    <property name="file.encoding" value="UTF-8"/>
    <property name="java.vm.name" value="Java HotSpot(TM) 64-Bit Server VM"/>
    <property name="maven.ext.class.path" value="C:\Program Files\NetBeans-26\netbeans\java\maven-nblib\netbeans-eventspy.jar"/>
    <property name="localRepository" value="C:\Users\nekta\.m2\repository"/>
    <property name="java.vendor.url.bug" value="https://bugreport.java.com/bugreport/"/>
    <property name="java.io.tmpdir" value="C:\Users\nekta\AppData\Local\Temp\"/>
    <property name="java.version" value="17.0.15"/>
    <property name="user.dir" value="C:\Users\nekta\Documents\zats"/>
    <property name="os.arch" value="amd64"/>
    <property name="java.vm.specification.name" value="Java Virtual Machine Specification"/>
    <property name="user.language.format" value="el"/>
    <property name="sun.os.patch.level" value=""/>
    <property name="native.encoding" value="UTF-8"/>
    <property name="java.library.path" value="C:\Program Files\Java\jdk-17\bin;C:\WINDOWS\Sun\Java\bin;C:\WINDOWS\system32;C:\WINDOWS;C:\Program Files (x86)\CollabNet;C:\Program Files (x86)\Embarcadero\RAD Studio\9.0\bin;C:\Users\Public\Documents\RAD Studio\9.0\Bpl;C:\Program Files (x86)\Embarcadero\RAD Studio\9.0\bin64;C:\Users\Public\Documents\RAD Studio\9.0\Bpl\Win64;c:\Users\nekta\AppData\Local\Programs\cursor\resources\app\bin;C:\Program Files\NVIDIA GPU Computing Toolkit\CUDA\v12.6\bin;C:\Program Files\NVIDIA GPU Computing Toolkit\CUDA\v12.6\libnvvp;C:\Program Files (x86)\Embarcadero\Studio\22.0\bin;C:\Users\Public\Documents\Embarcadero\Studio\22.0\Bpl;C:\Program Files (x86)\Embarcadero\Studio\22.0\bin64;C:\Users\Public\Documents\Embarcadero\Studio\22.0\Bpl\Win64;C:\Program Files\Common Files\Oracle\Java\javapath;C:\WINDOWS\system32;C:\WINDOWS;C:\WINDOWS\System32\Wbem;C:\WINDOWS\System32\WindowsPowerShell\v1.0\;C:\WINDOWS\System32\OpenSSH\;C:\Program Files (x86)\NVIDIA Corporation\PhysX\Common;C:\Program Files\Git\cmd;C:\Program Files (x86)\Windows Kits\10\Windows Performance Toolkit\;C:\Program Files\NVIDIA Corporation\NVIDIA app\NvDLISR;C:\Program Files\NVIDIA Corporation\Nsight Compute 2024.3.2\;C:\Program Files\nodejs\;C:\Users\nekta\AppData\Local\Programs\Python\Python312\Scripts\;C:\Users\nekta\AppData\Local\Programs\Python\Python312\;C:\Users\nekta\AppData\Local;C:\Program Files\dotnet\;C:\Program Files\Docker\Docker\resources\bin;C:\Users\nekta\AppData\Local\Programs\Python\Python312\Scripts\;C:\Users\nekta\AppData\Local\Programs\Python\Python312\;C:\Users\nekta\AppData\Local\Programs\Python\Launcher\;C:\Users\nekta\AppData\Local\Microsoft\WindowsApps;C:\Users\nekta\AppData\Local\Programs\Microsoft VS Code\bin;C:\Users\nekta\AppData\Local\Programs\Ollama;C:\Users\nekta\AppData\Local\Programs\Ollama\bin;C:\Users\nekta\AppData\Roaming\npm;C:\Program Files\Maven\bin;C:\Users\nekta\.lmstudio\bin;C:\Users\nekta\.dotnet\tools;C:\\Program Files\\Midnight Commander;C:\Users\nekta\AppData\Local\Programs\cursor\resources\app\bin;."/>
    <property name="java.vm.info" value="mixed mode, sharing"/>
    <property name="java.vendor" value="Oracle Corporation"/>
    <property name="java.vm.version" value="17.0.15+9-LTS-241"/>
    <property name="java.specification.maintenance.version" value="1"/>
    <property name="sun.io.unicode.encoding" value="UnicodeLittle"/>
    <property name="java.class.version" value="61.0"/>
  </properties>
  <testcase name="testComponentsExist" classname="com.example.ZATSTest" time="0.158">
    <system-err><![CDATA[[main] INFO org.eclipse.jetty.util.log - Logging initialized @163ms to org.eclipse.jetty.util.log.Slf4jLog
[main] INFO org.eclipse.jetty.server.Server - jetty-9.4.7.v20170914
[main] INFO org.eclipse.jetty.webapp.StandardDescriptorProcessor - NO JSP Support for /, did not find org.eclipse.jetty.jsp.JettyJspServlet
[main] INFO org.eclipse.jetty.server.session - DefaultSessionIdManager workerName=node0
[main] INFO org.eclipse.jetty.server.session - No SessionScavenger set, using defaults
[main] INFO org.eclipse.jetty.server.session - Scavenging every 660000ms
[main] INFO org.zkoss.zk.ui.http.WebManager - Starting ZK 9.6.0.2 CE (build: 2022052709)
[main] INFO org.zkoss.zk.ui.sys.ConfigParser - Loading system default
[main] INFO org.zkoss.zk.ui.sys.ConfigParser - Parsing jar:file:/C:/Users/nekta/.m2/repository/org/zkoss/zk/zul/9.6.0.2/zul-9.6.0.2.jar!/metainfo/zk/zk.xml
[main] INFO org.zkoss.zk.ui.sys.ConfigParser - Parsing jar:file:/C:/Users/nekta/.m2/repository/org/zkoss/zats/zats-mimic/2.0.0/zats-mimic-2.0.0.jar!/metainfo/zk/zk.xml
[main] INFO org.zkoss.zk.ui.sys.ConfigParser - Parsing jar:file:/C:/Users/nekta/.m2/repository/org/zkoss/zats/zats-mimic/2.0.0/zats-mimic-2.0.0.jar!/org/zkoss/zats/mimic/impl/WEB-INF/zk.xml
[main] INFO org.eclipse.jetty.server.handler.ContextHandler - Started o.e.j.w.WebAppContext@cb191ca{/,[jar:file:/C:/Users/nekta/.m2/repository/org/zkoss/zats/zats-mimic/2.0.0/zats-mimic-2.0.0.jar!/org/zkoss/zats/mimic/impl/, file:///C:/Users/nekta/Documents/zats/src/main/webapp/],AVAILABLE}
[main] INFO org.eclipse.jetty.server.AbstractConnector - Started ServerConnector@485a3466{HTTP/1.1,[http/1.1]}{kubernetes.docker.internal:57942}
[main] INFO org.eclipse.jetty.server.Server - Started @642ms
[qtp1586845078-32] INFO org.zkoss.util.resource.impl.LabelLoaderImpl - Loading labels for zh_TW
[qtp1586845078-32] INFO org.zkoss.util.resource.impl.LabelLoaderImpl - Loading labels for zh
]]></system-err>
  </testcase>
  <testcase name="testZATSInitialization" classname="com.example.ZATSTest" time="0.008"/>
</testsuite>